e:\programworld\vc\code\vs2017\flappybird\flappybird\release\vc141.pdb
e:\programworld\vc\code\vs2017\flappybird\flappybird\release\startscene.obj
e:\programworld\vc\code\vs2017\flappybird\flappybird\release\splashscene.obj
e:\programworld\vc\code\vs2017\flappybird\flappybird\release\pipes.obj
e:\programworld\vc\code\vs2017\flappybird\flappybird\release\main.obj
e:\programworld\vc\code\vs2017\flappybird\flappybird\release\imageloader.obj
e:\programworld\vc\code\vs2017\flappybird\flappybird\release\ground.obj
e:\programworld\vc\code\vs2017\flappybird\flappybird\release\gamescene.obj
e:\programworld\vc\code\vs2017\flappybird\flappybird\release\bird.obj
e:\programworld\vc\code\vs2017\flappybird\release\flappybird.ipdb
e:\programworld\vc\code\vs2017\flappybird\release\flappybird.iobj
e:\programworld\vc\code\vs2017\flappybird\release\flappybird.exe
e:\programworld\vc\code\vs2017\flappybird\release\flappybird.pdb
e:\programworld\vc\code\vs2017\flappybird\flappybird\release\flappybird.res
e:\programworld\vc\code\vs2017\flappybird\flappybird\release\flappybird.tlog\cl.command.1.tlog
e:\programworld\vc\code\vs2017\flappybird\flappybird\release\flappybird.tlog\cl.read.1.tlog
e:\programworld\vc\code\vs2017\flappybird\flappybird\release\flappybird.tlog\cl.write.1.tlog
e:\programworld\vc\code\vs2017\flappybird\flappybird\release\flappybird.tlog\flappybird.write.1u.tlog
e:\programworld\vc\code\vs2017\flappybird\flappybird\release\flappybird.tlog\link.command.1.tlog
e:\programworld\vc\code\vs2017\flappybird\flappybird\release\flappybird.tlog\link.read.1.tlog
e:\programworld\vc\code\vs2017\flappybird\flappybird\release\flappybird.tlog\link.write.1.tlog
e:\programworld\vc\code\vs2017\flappybird\flappybird\release\flappybird.tlog\rc.command.1.tlog
e:\programworld\vc\code\vs2017\flappybird\flappybird\release\flappybird.tlog\rc.read.1.tlog
e:\programworld\vc\code\vs2017\flappybird\flappybird\release\flappybird.tlog\rc.write.1.tlog
